Plugin loaded at 2025-04-02 02:48:26Plugin loaded at 2025-04-02 02:48:26Plugin loaded at 2025-04-02 02:48:26Plugin loaded at 2025-04-02 02:48:36Plugin loaded at 2025-04-02 02:48:46Plugin loaded at 2025-04-02 02:48:56Plugin loaded at 2025-04-02 02:49:03Plugin loaded at 2025-04-02 02:49:04Plugin loaded at 2025-04-02 02:49:04Plugin loaded at 2025-04-02 02:49:05Plugin loaded at 2025-04-02 02:49:05Plugin loaded at 2025-04-02 02:49:05Plugin loaded at 2025-04-02 02:49:15Plugin loaded at 2025-04-02 02:49:25Plugin loaded at 2025-04-02 02:49:35Plugin loaded at 2025-04-02 02:49:45Plugin loaded at 2025-04-02 02:49:55Plugin loaded at 2025-04-02 02:50:05Plugin loaded at 2025-04-02 02:50:15Plugin loaded at 2025-04-02 02:50:25Plugin loaded at 2025-04-02 02:50:35Plugin loaded at 2025-04-02 02:50:45Plugin loaded at 2025-04-02 02:50:55Plugin loaded at 2025-04-02 02:51:05Plugin loaded at 2025-04-02 02:51:152025-04-02 05:05:02 - Plugin initialization started
2025-04-02 05:05:02 - Kirby class imported
2025-04-02 05:05:02 - Kirby instance obtained: Array
(
    [version] => 4.7.0
)

2025-04-02 05:05:02 - About to register plugin
2025-04-02 05:05:02 - Plugin registered successfully
2025-04-02 05:05:03 - Plugin initialization started
2025-04-02 05:05:03 - Kirby class imported
2025-04-02 05:05:03 - Kirby instance obtained: Array
(
    [version] => 4.7.0
)

2025-04-02 05:05:03 - About to register plugin
2025-04-02 05:05:03 - Plugin registered successfully
2025-04-02 05:05:03 - Value prop accessed: Array
(
    [value] => 
)

2025-04-02 05:05:03 - Formatted prop accessed: Array
(
    [formatted] => 1
)

2025-04-02 05:05:03 - Plugin initialization started
2025-04-02 05:05:03 - Kirby class imported
2025-04-02 05:05:03 - Kirby instance obtained: Array
(
    [version] => 4.7.0
)

2025-04-02 05:05:03 - About to register plugin
2025-04-02 05:05:03 - Plugin registered successfully
2025-04-02 05:05:04 - Plugin initialization started
2025-04-02 05:05:04 - Kirby class imported
2025-04-02 05:05:04 - Kirby instance obtained: Array
(
    [version] => 4.7.0
)

2025-04-02 05:05:04 - About to register plugin
2025-04-02 05:05:04 - Plugin registered successfully
2025-04-02 05:05:04 - Plugin initialization started
2025-04-02 05:05:04 - Kirby class imported
2025-04-02 05:05:04 - Kirby instance obtained: Array
(
    [version] => 4.7.0
)

2025-04-02 05:05:04 - About to register plugin
2025-04-02 05:05:04 - Plugin registered successfully
2025-04-02 05:05:04 - Value prop accessed: Array
(
    [value] => 
)

2025-04-02 05:05:04 - Formatted prop accessed: Array
(
    [formatted] => 1
)

2025-04-02 05:05:04 - Plugin initialization started
2025-04-02 05:05:04 - Kirby class imported
2025-04-02 05:05:04 - Kirby instance obtained: Array
(
    [version] => 4.7.0
)

2025-04-02 05:05:04 - About to register plugin
2025-04-02 05:05:04 - Plugin registered successfully
2025-04-02 05:05:14 - Plugin initialization started
2025-04-02 05:05:14 - Kirby class imported
2025-04-02 05:05:14 - Kirby instance obtained: Array
(
    [version] => 4.7.0
)

2025-04-02 05:05:14 - About to register plugin
2025-04-02 05:05:14 - Plugin registered successfully
2025-04-02 05:05:24 - Plugin initialization started
2025-04-02 05:05:24 - Kirby class imported
2025-04-02 05:05:24 - Kirby instance obtained: Array
(
    [version] => 4.7.0
)

2025-04-02 05:05:24 - About to register plugin
2025-04-02 05:05:24 - Plugin registered successfully
2025-04-02 05:05:34 - Plugin initialization started
2025-04-02 05:05:34 - Kirby class imported
2025-04-02 05:05:34 - Kirby instance obtained: Array
(
    [version] => 4.7.0
)

2025-04-02 05:05:34 - About to register plugin
2025-04-02 05:05:34 - Plugin registered successfully
2025-04-02 05:05:44 - Plugin initialization started
2025-04-02 05:05:44 - Kirby class imported
2025-04-02 05:05:44 - Kirby instance obtained: Array
(
    [version] => 4.7.0
)

2025-04-02 05:05:44 - About to register plugin
2025-04-02 05:05:44 - Plugin registered successfully
2025-04-02 05:05:54 - Plugin initialization started
2025-04-02 05:05:54 - Kirby class imported
2025-04-02 05:05:54 - Kirby instance obtained: Array
(
    [version] => 4.7.0
)

2025-04-02 05:05:54 - About to register plugin
2025-04-02 05:05:54 - Plugin registered successfully
2025-04-02 05:06:04 - Plugin initialization started
2025-04-02 05:06:04 - Kirby class imported
2025-04-02 05:06:04 - Kirby instance obtained: Array
(
    [version] => 4.7.0
)

2025-04-02 05:06:04 - About to register plugin
2025-04-02 05:06:04 - Plugin registered successfully
2025-04-02 05:06:14 - Plugin initialization started
2025-04-02 05:06:14 - Kirby class imported
2025-04-02 05:06:14 - Kirby instance obtained: Array
(
    [version] => 4.7.0
)

2025-04-02 05:06:14 - About to register plugin
2025-04-02 05:06:14 - Plugin registered successfully
2025-04-02 05:06:24 - Plugin initialization started
2025-04-02 05:06:24 - Kirby class imported
2025-04-02 05:06:24 - Kirby instance obtained: Array
(
    [version] => 4.7.0
)

2025-04-02 05:06:24 - About to register plugin
2025-04-02 05:06:24 - Plugin registered successfully
2025-04-02 05:06:34 - Loading plugin
2025-04-02 05:06:34 - Plugin registered
2025-04-02 05:06:44 - Loading plugin
2025-04-02 05:06:44 - Plugin registered
2025-04-02 05:06:46 - Loading plugin
2025-04-02 05:06:46 - Plugin registered
2025-04-02 05:06:47 - Loading plugin
2025-04-02 05:06:47 - Plugin registered
2025-04-02 05:06:47 - Loading plugin
2025-04-02 05:06:47 - Plugin registered
2025-04-02 05:06:47 - Loading plugin
2025-04-02 05:06:47 - Plugin registered
2025-04-02 05:06:47 - Loading plugin
2025-04-02 05:06:47 - Plugin registered
2025-04-02 05:06:57 - Loading plugin
2025-04-02 05:06:57 - Plugin registered
2025-04-02 05:07:07 - Loading plugin
2025-04-02 05:07:07 - Plugin registered
2025-04-02 05:07:17 - Loading plugin
2025-04-02 05:07:17 - Plugin registered
2025-04-02 05:07:27 - Loading plugin
2025-04-02 05:07:27 - Plugin registered
2025-04-02 05:07:30 - Loading plugin
2025-04-02 05:07:30 - Plugin registered
2025-04-02 05:07:30 - Loading plugin
2025-04-02 05:07:30 - Plugin registered
2025-04-02 05:07:30 - Loading plugin
2025-04-02 05:07:30 - Plugin registered
2025-04-02 05:07:30 - Loading plugin
2025-04-02 05:07:30 - Plugin registered
2025-04-02 05:07:30 - Loading plugin
2025-04-02 05:07:30 - Plugin registered
2025-04-02 05:07:32 - Loading plugin
2025-04-02 05:07:32 - Plugin registered
2025-04-02 05:07:32 - Loading plugin
2025-04-02 05:07:32 - Plugin registered
2025-04-02 05:07:32 - Loading plugin
2025-04-02 05:07:32 - Plugin registered
2025-04-02 05:07:32 - Loading plugin
2025-04-02 05:07:32 - Plugin registered
2025-04-02 05:07:32 - Loading plugin
2025-04-02 05:07:32 - Plugin registered
2025-04-02 05:07:42 - Loading plugin
2025-04-02 05:07:42 - Plugin registered
2025-04-02 05:07:52 - Loading plugin
2025-04-02 05:07:52 - Plugin registered
2025-04-02 05:08:02 - Loading plugin
2025-04-02 05:08:02 - Plugin registered
2025-04-02 05:08:08 - Loading plugin
2025-04-02 05:08:08 - Plugin registered
2025-04-02 05:08:08 - Loading plugin
2025-04-02 05:08:08 - Plugin registered
2025-04-02 05:08:08 - Loading plugin
2025-04-02 05:08:08 - Plugin registered
2025-04-02 05:08:08 - Loading plugin
2025-04-02 05:08:08 - Plugin registered
2025-04-02 05:08:08 - Loading plugin
2025-04-02 05:08:08 - Plugin registered
2025-04-02 05:08:09 - Loading plugin
2025-04-02 05:08:09 - Plugin registered
2025-04-02 05:08:09 - Loading plugin
2025-04-02 05:08:09 - Plugin registered
2025-04-02 05:08:09 - Loading plugin
2025-04-02 05:08:09 - Plugin registered
2025-04-02 05:08:09 - Loading plugin
2025-04-02 05:08:09 - Plugin registered
2025-04-02 05:08:09 - Loading plugin
2025-04-02 05:08:09 - Plugin registered
2025-04-02 05:08:10 - Loading plugin
2025-04-02 05:08:10 - Plugin registered
2025-04-02 05:08:10 - Loading plugin
2025-04-02 05:08:10 - Plugin registered
2025-04-02 05:08:10 - Loading plugin
2025-04-02 05:08:10 - Plugin registered
2025-04-02 05:08:10 - Loading plugin
2025-04-02 05:08:10 - Plugin registered
2025-04-02 05:08:10 - Loading plugin
2025-04-02 05:08:10 - Plugin registered
2025-04-02 05:08:20 - Loading plugin
2025-04-02 05:08:20 - Plugin registered
2025-04-02 05:08:30 - Loading plugin
2025-04-02 05:08:30 - Plugin registered
2025-04-02 05:08:40 - Loading plugin
2025-04-02 05:08:40 - Plugin registered
2025-04-02 05:08:50 - Loading plugin
2025-04-02 05:08:50 - Plugin registered
2025-04-02 05:09:00 - Loading plugin
2025-04-02 05:09:00 - Plugin registered
2025-04-02 05:09:10 - Loading plugin
2025-04-02 05:09:10 - Plugin registered
2025-04-02 05:09:20 - Loading plugin
2025-04-02 05:09:20 - Plugin registered
2025-04-02 05:09:30 - Loading plugin
2025-04-02 05:09:30 - Plugin registered
2025-04-02 05:09:40 - Loading plugin
2025-04-02 05:09:40 - Plugin registered
2025-04-02 05:09:46 - Plugin registered
2025-04-02 05:09:46 - Plugin registered
2025-04-02 05:09:46 - Plugin registered
2025-04-02 05:09:47 - Plugin registered
2025-04-02 05:09:47 - Plugin registered
2025-04-02 05:09:57 - Plugin registered
2025-04-02 05:09:59 - Plugin registered
2025-04-02 05:09:59 - Plugin registered
2025-04-02 05:09:59 - Plugin registered
2025-04-02 05:10:00 - Plugin registered
2025-04-02 05:10:00 - Plugin registered
2025-04-02 05:10:01 - Plugin registered
2025-04-02 05:10:01 - Plugin registered
2025-04-02 05:10:01 - Plugin registered
2025-04-02 05:10:01 - Plugin registered
2025-04-02 05:10:01 - Plugin registered
2025-04-02 05:10:11 - Plugin registered
2025-04-02 05:10:21 - Plugin registered
2025-04-02 05:10:31 - Plugin registered
2025-04-02 05:10:41 - Plugin registered
2025-04-02 05:10:51 - Plugin registered
2025-04-02 05:11:01 - Plugin registered
2025-04-02 05:11:10 - Plugin registered
2025-04-02 05:11:10 - Plugin registered
2025-04-02 05:11:10 - Plugin registered
2025-04-02 05:11:10 - Plugin registered
2025-04-02 05:11:10 - Plugin registered
2025-04-02 05:11:10 - Plugin registered
2025-04-02 05:11:11 - Plugin registered
2025-04-02 05:11:11 - Plugin registered
2025-04-02 05:11:11 - Plugin registered
2025-04-02 05:11:11 - Plugin registered
2025-04-02 05:11:11 - Plugin registered
2025-04-02 05:11:21 - Plugin registered
2025-04-02 05:11:31 - Plugin registered
2025-04-02 05:11:41 - Plugin registered
2025-04-02 05:11:51 - Plugin registered
2025-04-02 05:12:01 - Plugin registered
2025-04-02 05:12:11 - Plugin registered
2025-04-02 05:12:20 - Plugin registered
2025-04-02 05:12:20 - Plugin registered
2025-04-02 05:12:20 - Plugin registered
2025-04-02 05:12:20 - Plugin registered
2025-04-02 05:12:20 - Plugin registered
2025-04-02 05:12:30 - Plugin registered
2025-04-02 05:12:40 - Plugin registered
2025-04-02 05:12:51 - Plugin registered
2025-04-02 05:13:01 - Plugin registered
2025-04-02 05:13:11 - Plugin registered
2025-04-02 05:13:21 - Plugin registered
2025-04-02 05:13:31 - Plugin registered
2025-04-02 05:13:41 - Plugin registered
2025-04-02 05:14:11 - Plugin registered
2025-04-02 05:15:11 - Plugin registered
2025-04-02 05:16:11 - Plugin registered
2025-04-02 05:17:11 - Plugin registered
